  Game.cpp
D:\Projects\bucle\game\Game.cpp(35,52): warning C4244: 'argumento': conversión de 'T' a 'float'; posible pérdida de datos
          with
          [
              T=unsigned int
          ]
D:\Projects\bucle\game\Game.cpp(35,34): warning C4244: 'argumento': conversión de 'T' a 'float'; posible pérdida de datos
          with
          [
              T=unsigned int
          ]
D:\Projects\bucle\game\Game.cpp(36,46): warning C4244: 'argumento': conversión de 'T' a 'float'; posible pérdida de datos
          with
          [
              T=unsigned int
          ]
D:\Projects\bucle\game\Game.cpp(36,31): warning C4244: 'argumento': conversión de 'T' a 'float'; posible pérdida de datos
          with
          [
              T=unsigned int
          ]
D:\Projects\bucle\game\Game.cpp(39,70): warning C4244: 'argumento': conversión de 'T' a 'float'; posible pérdida de datos
          with
          [
              T=unsigned int
          ]
D:\Projects\bucle\game\Game.cpp(39,44): warning C4244: 'argumento': conversión de 'T' a 'float'; posible pérdida de datos
          with
          [
              T=unsigned int
          ]
D:\Projects\bucle\game\Game.cpp(40,81): warning C4244: 'argumento': conversión de 'T' a 'float'; posible pérdida de datos
          with
          [
              T=unsigned int
          ]
D:\Projects\bucle\game\Game.cpp(40,50): warning C4244: 'argumento': conversión de 'T' a 'float'; posible pérdida de datos
          with
          [
              T=unsigned int
          ]
D:\Projects\bucle\game\Game.cpp(95,96): warning C4244: 'argumento': conversión de 'T' a 'T'; posible pérdida de datos
          with
          [
              T=unsigned int
          ]
          and
          [
              T=float
          ]
D:\Projects\bucle\game\Game.cpp(95,76): warning C4244: 'argumento': conversión de 'T' a 'T'; posible pérdida de datos
          with
          [
              T=unsigned int
          ]
          and
          [
              T=float
          ]
D:\Projects\bucle\game\Game.cpp(99,74): warning C4244: 'argumento': conversión de 'T' a 'T'; posible pérdida de datos
          with
          [
              T=int
          ]
          and
          [
              T=float
          ]
D:\Projects\bucle\game\Game.cpp(99,62): warning C4244: 'argumento': conversión de 'T' a 'T'; posible pérdida de datos
          with
          [
              T=int
          ]
          and
          [
              T=float
          ]
D:\Projects\bucle\game\Game.cpp(21,51): warning C4390: ';': se encontró una instrucción controlada vacía; ¿es esa la intención?
D:\Projects\bucle\game\Game.cpp(25,53): warning C4390: ';': se encontró una instrucción controlada vacía; ¿es esa la intención?
D:\Projects\bucle\game\Game.cpp(28,54): warning C4390: ';': se encontró una instrucción controlada vacía; ¿es esa la intención?
D:\Projects\bucle\game\Game.cpp(43,54): warning C4390: ';': se encontró una instrucción controlada vacía; ¿es esa la intención?
D:\Projects\bucle\game\Game.cpp(46,59): warning C4390: ';': se encontró una instrucción controlada vacía; ¿es esa la intención?
D:\Projects\bucle\game\Game.cpp(49,60): warning C4390: ';': se encontró una instrucción controlada vacía; ¿es esa la intención?
D:\Projects\bucle\game\Game.cpp(99,78): warning C4390: ';': se encontró una instrucción controlada vacía; ¿es esa la intención?
  bucle.vcxproj -> D:\Projects\bucle\x64\Debug\bucle.exe
